<?xml version="1.0" encoding="UTF-8"?>
<!-- Generated by org.testng.reporters.JUnitReportReporter -->
<testsuite skipped="0" hostname="AZHAR" name="browertests.EdgeBrowserTest" tests="1" failures="0" timestamp="2021-02-04T22:14:39 IST" time="19.760" errors="0">
  <testcase name="testcase2" time="19.760" classname="browertests.EdgeBrowserTest"/>
  <system-out/>
</testsuite> <!-- browertests.EdgeBrowserTest -->
