<?xml version="1.0" encoding="UTF-8"?>
<!-- Generated by org.testng.reporters.JUnitReportReporter -->
<testsuite skipped="0" hostname="AZHAR" name="paralleltest.A" tests="1" failures="0" timestamp="2021-01-29T19:18:41 IST" time="25.502" errors="0">
  <testcase name="testcase1" time="25.502" classname="paralleltest.A"/>
  <system-out/>
</testsuite> <!-- paralleltest.A -->
