<?xml version="1.0" encoding="UTF-8"?>
<!-- Generated by org.testng.reporters.JUnitReportReporter -->
<testsuite skipped="0" hostname="AZHAR" name="paralleltest.B" tests="1" failures="0" timestamp="2021-01-29T18:51:09 IST" time="27.741" errors="0">
  <testcase name="testcase1" time="27.741" classname="paralleltest.B"/>
  <system-out/>
</testsuite> <!-- paralleltest.B -->
