<?xml version="1.0" encoding="UTF-8"?>
<!-- Generated by org.testng.reporters.JUnitReportReporter -->
<testsuite skipped="0" hostname="AZHAR" name="practice.AddAttachmentInJIRAExample" tests="1" failures="0" timestamp="2021-02-07T08:23:28 IST" time="3.282" errors="0">
  <testcase name="validateCustomerAPIWithValidSecretKey" time="3.282" classname="practice.AddAttachmentInJIRAExample"/>
  <system-out/>
</testsuite> <!-- practice.AddAttachmentInJIRAExample -->
