<?xml version="1.0" encoding="UTF-8"?>
<!-- Generated by org.testng.reporters.JUnitReportReporter -->
<testsuite skipped="0" hostname="AZHAR" name="browertests.EdgeBrowserTest" tests="1" failures="0" timestamp="2021-01-29T18:36:10 IST" time="10.403" errors="0">
  <testcase name="testcase2" time="10.403" classname="browertests.EdgeBrowserTest"/>
  <system-out/>
</testsuite> <!-- browertests.EdgeBrowserTest -->
