<?xml version="1.0" encoding="UTF-8"?>
<!-- Generated by org.testng.reporters.JUnitReportReporter -->
<testsuite skipped="0" hostname="AZHAR" name="browertests.ChromeBrowserTest" tests="1" failures="0" timestamp="2020-12-28T16:51:17 IST" time="22.962" errors="0">
  <testcase name="testcase1" time="22.962" classname="browertests.ChromeBrowserTest"/>
  <system-out/>
</testsuite> <!-- browertests.ChromeBrowserTest -->
