<?xml version="1.0" encoding="UTF-8"?>
<!-- Generated by org.testng.reporters.JUnitReportReporter -->
<testsuite skipped="0" hostname="AZHAR" name="browertests.ChromeBrowserTest" tests="1" failures="0" timestamp="2021-01-29T18:35:24 IST" time="24.116" errors="0">
  <testcase name="testcase1" time="24.116" classname="browertests.ChromeBrowserTest"/>
  <system-out/>
</testsuite> <!-- browertests.ChromeBrowserTest -->
