<?xml version="1.0" encoding="UTF-8"?>
<!-- Generated by org.testng.reporters.JUnitReportReporter -->
<testsuite skipped="0" hostname="AZHAR" name="paralleltest.C" tests="1" failures="0" timestamp="2021-01-29T18:51:09 IST" time="25.226" errors="0">
  <testcase name="testcase1" time="25.226" classname="paralleltest.C"/>
  <system-out/>
</testsuite> <!-- paralleltest.C -->
